Performing C SOURCE FILE Test CMAKE_HAVE_LIBC_PTHREAD failed with the following output:
Change Dir: /home/nvidia/workspace/camera/build/CMakeFiles/CMakeTmp

Run Build Command(s):/usr/bin/make cmTC_2bb34/fast && /usr/bin/make  -f CMakeFiles/cmTC_2bb34.dir/build.make CMakeFiles/cmTC_2bb34.dir/build
make[1]: Entering directory '/home/nvidia/workspace/camera/build/CMakeFiles/CMakeTmp'
Building C object CMakeFiles/cmTC_2bb34.dir/src.c.o
/usr/bin/cc   -fPIC -DCMAKE_HAVE_LIBC_PTHREAD   -o CMakeFiles/cmTC_2bb34.dir/src.c.o   -c /home/nvidia/workspace/camera/build/CMakeFiles/CMakeTmp/src.c
Linking C executable cmTC_2bb34
/usr/local/bin/cmake -E cmake_link_script CMakeFiles/cmTC_2bb34.dir/link.txt --verbose=1
/usr/bin/cc -fPIC -DCMAKE_HAVE_LIBC_PTHREAD    -rdynamic CMakeFiles/cmTC_2bb34.dir/src.c.o  -o cmTC_2bb34 
CMakeFiles/cmTC_2bb34.dir/src.c.o: In function `main':
src.c:(.text+0x48): undefined reference to `pthread_create'
src.c:(.text+0x50): undefined reference to `pthread_detach'
src.c:(.text+0x5c): undefined reference to `pthread_join'
src.c:(.text+0x6c): undefined reference to `pthread_atfork'
collect2: error: ld returned 1 exit status
CMakeFiles/cmTC_2bb34.dir/build.make:89: recipe for target 'cmTC_2bb34' failed
make[1]: *** [cmTC_2bb34] Error 1
make[1]: Leaving directory '/home/nvidia/workspace/camera/build/CMakeFiles/CMakeTmp'
Makefile:124: recipe for target 'cmTC_2bb34/fast' failed
make: *** [cmTC_2bb34/fast] Error 2


Source file was:
#include <pthread.h>

void* test_func(void* data)
{
  return data;
}

int main(void)
{
  pthread_t thread;
  pthread_create(&thread, NULL, test_func, NULL);
  pthread_detach(thread);
  pthread_join(thread, NULL);
  pthread_atfork(NULL, NULL, NULL);
  pthread_exit(NULL);

  return 0;
}

Determining if the function pthread_create exists in the pthreads failed with the following output:
Change Dir: /home/nvidia/workspace/camera/build/CMakeFiles/CMakeTmp

Run Build Command(s):/usr/bin/make cmTC_53cce/fast && /usr/bin/make  -f CMakeFiles/cmTC_53cce.dir/build.make CMakeFiles/cmTC_53cce.dir/build
make[1]: Entering directory '/home/nvidia/workspace/camera/build/CMakeFiles/CMakeTmp'
Building C object CMakeFiles/cmTC_53cce.dir/CheckFunctionExists.c.o
/usr/bin/cc   -fPIC -DCHECK_FUNCTION_EXISTS=pthread_create   -o CMakeFiles/cmTC_53cce.dir/CheckFunctionExists.c.o   -c /usr/local/share/cmake-3.16/Modules/CheckFunctionExists.c
Linking C executable cmTC_53cce
/usr/local/bin/cmake -E cmake_link_script CMakeFiles/cmTC_53cce.dir/link.txt --verbose=1
/usr/bin/cc -fPIC -DCHECK_FUNCTION_EXISTS=pthread_create    -rdynamic CMakeFiles/cmTC_53cce.dir/CheckFunctionExists.c.o  -o cmTC_53cce  -lpthreads 
/usr/bin/ld: cannot find -lpthreads
collect2: error: ld returned 1 exit status
CMakeFiles/cmTC_53cce.dir/build.make:89: recipe for target 'cmTC_53cce' failed
make[1]: *** [cmTC_53cce] Error 1
make[1]: Leaving directory '/home/nvidia/workspace/camera/build/CMakeFiles/CMakeTmp'
Makefile:124: recipe for target 'cmTC_53cce/fast' failed
make: *** [cmTC_53cce/fast] Error 2



